<?xml version="1.0" encoding="UTF-8"?>
<!-- Generated by org.testng.reporters.JUnitReportReporter -->
<testsuite hostname="DESKTOP-8HN186T" failures="0" tests="1" name="testcases_connectivity.WifiWithRouter" time="418.818" errors="0" timestamp="2024-11-15T17:31:44 IST" skipped="0">
  <testcase classname="testcases_connectivity.WifiWithRouter" name="removerepair" time="418.818"/>
</testsuite> <!-- testcases_connectivity.WifiWithRouter -->
