<?xml version="1.0" encoding="UTF-8"?>
<!-- Generated by org.testng.reporters.JUnitReportReporter -->
<testsuite hostname="DESKTOP-8HN186T" failures="0" tests="1" name="testcases_schedular.TC04_Schedular" time="648.672" errors="0" timestamp="2024-12-04T16:58:55 IST" skipped="0">
  <testcase classname="testcases_schedular.TC04_Schedular" name="schedule" time="648.672"/>
</testsuite> <!-- testcases_schedular.TC04_Schedular -->
