<?xml version="1.0" encoding="UTF-8"?>
<!-- Generated by org.testng.reporters.JUnitReportReporter -->
<testsuite hostname="DESKTOP-UG42IG5" failures="0" tests="1" name="testcases_signup_module.TC05_SignIn_SuccessFlow" time="24.278" errors="0" timestamp="2024-09-26T16:39:38 IST" skipped="0">
  <testcase classname="testcases_signup_module.TC05_SignIn_SuccessFlow" name="login" time="24.278"/>
</testsuite> <!-- testcases_signup_module.TC05_SignIn_SuccessFlow -->
