<?xml version="1.0" encoding="UTF-8"?>
<!-- Generated by org.testng.reporters.JUnitReportReporter -->
<testsuite hostname="DESKTOP-UG42IG5" failures="0" tests="1" name="testcases_signup_module.TC01_SignUp" time="9.764" errors="0" timestamp="2024-09-16T15:01:16 IST" skipped="0">
  <testcase classname="testcases_signup_module.TC01_SignUp" name="signUp" time="9.764"/>
</testsuite> <!-- testcases_signup_module.TC01_SignUp -->
