<?xml version="1.0" encoding="UTF-8"?>
<!-- Generated by org.testng.reporters.JUnitReportReporter -->
<testsuite hostname="DESKTOP-8HN186T" failures="0" tests="1" name="testcases_signIn_up_accountsinfo_module.TC06_SignIn_Logout" time="134.474" errors="0" timestamp="2024-10-22T15:37:05 IST" skipped="0">
  <testcase classname="testcases_signIn_up_accountsinfo_module.TC06_SignIn_Logout" name="login" time="134.474"/>
  <system-out/>
</testsuite> <!-- testcases_signIn_up_accountsinfo_module.TC06_SignIn_Logout -->
