<?xml version="1.0" encoding="UTF-8"?>
<!-- Generated by org.testng.reporters.JUnitReportReporter -->
<testsuite hostname="DESKTOP-8HN186T" failures="0" tests="2" name="testcases_pairing.TC04_Pairing_WifiwithRouter" time="1087.809" errors="0" timestamp="2024-11-15T17:31:44 IST" skipped="1">
  <testcase classname="testcases_pairing.TC04_Pairing_WifiwithRouter" name="removerepair" time="636.259"/>
  <testcase classname="testcases_pairing.TC04_Pairing_WifiwithRouter" name="removerepair" time="451.550">
    <skipped/>
  </testcase> <!-- removerepair -->
</testsuite> <!-- testcases_pairing.TC04_Pairing_WifiwithRouter -->
