<?xml version="1.0" encoding="UTF-8"?>
<!-- Generated by org.testng.reporters.JUnitReportReporter -->
<testsuite hostname="DESKTOP-8HN186T" failures="0" tests="1" name="testcases_connectivity.UI_CONNECTIVITY_MOD_0_TC_01_TO_03" time="6.028" errors="1" timestamp="2024-10-22T17:13:07 IST" skipped="0">
  <testcase classname="testcases_connectivity.UI_CONNECTIVITY_MOD_0_TC_01_TO_03" name="removerepair" time="6.028">
    <error message="Port name - COM4; Method name - openPort(); Exception type - Port busy." type="jssc.SerialPortException">
      <![CDATA[jssc.SerialPortException: Port name - COM4; Method name - openPort(); Exception type - Port busy.
at jssc.SerialPort.openPort(SerialPort.java:165)
at utils.logReadandWrite.openPort(logReadandWrite.java:20)
at testcases_connectivity.UI_CONNECTIVITY_MOD_0_TC_01_TO_03.pairBlewithoutRouter(UI_CONNECTIVITY_MOD_0_TC_01_TO_03.java:51)
at testcases_connectivity.UI_CONNECTIVITY_MOD_0_TC_01_TO_03.removerepair(UI_CONNECTIVITY_MOD_0_TC_01_TO_03.java:40)
at java.base/jdk.internal.reflect.NativeMethodAccessorImpl.invoke0(Native Method)
at java.base/jdk.internal.reflect.NativeMethodAccessorImpl.invoke(NativeMethodAccessorImpl.java:77)
at java.base/jdk.internal.reflect.DelegatingMethodAccessorImpl.invoke(DelegatingMethodAccessorImpl.java:43)
at java.base/java.lang.reflect.Method.invoke(Method.java:568)
at org.testng.internal.invokers.MethodInvocationHelper.invokeMethod(MethodInvocationHelper.java:139)
at org.testng.internal.invokers.TestInvoker.invokeMethod(TestInvoker.java:677)
at org.testng.internal.invokers.TestInvoker.invokeTestMethod(TestInvoker.java:221)
at org.testng.internal.invokers.MethodRunner.runInSequence(MethodRunner.java:50)
at org.testng.internal.invokers.TestInvoker$MethodInvocationAgent.invoke(TestInvoker.java:969)
at org.testng.internal.invokers.TestInvoker.invokeTestMethods(TestInvoker.java:194)
at org.testng.internal.invokers.TestMethodWorker.invokeTestMethods(TestMethodWorker.java:148)
at org.testng.internal.invokers.TestMethodWorker.run(TestMethodWorker.java:128)
at java.base/java.util.ArrayList.forEach(ArrayList.java:1511)
at org.testng.TestRunner.privateRun(TestRunner.java:829)
at org.testng.TestRunner.run(TestRunner.java:602)
at org.testng.SuiteRunner.runTest(SuiteRunner.java:437)
at org.testng.SuiteRunner.runSequentially(SuiteRunner.java:431)
at org.testng.SuiteRunner.privateRun(SuiteRunner.java:391)
at org.testng.SuiteRunner.run(SuiteRunner.java:330)
at org.testng.SuiteRunnerWorker.runSuite(SuiteRunnerWorker.java:52)
at org.testng.SuiteRunnerWorker.run(SuiteRunnerWorker.java:95)
at org.testng.TestNG.runSuitesSequentially(TestNG.java:1256)
at org.testng.TestNG.runSuitesLocally(TestNG.java:1176)
at org.testng.TestNG.runSuites(TestNG.java:1099)
at org.testng.TestNG.run(TestNG.java:1067)
at org.testng.remote.AbstractRemoteTestNG.run(AbstractRemoteTestNG.java:115)
at org.testng.remote.RemoteTestNG.initAndRun(RemoteTestNG.java:293)
at org.testng.remote.RemoteTestNG.main(RemoteTestNG.java:91)
]]>
    </error>
  </testcase> <!-- removerepair -->
  <system-out/>
</testsuite> <!-- testcases_connectivity.UI_CONNECTIVITY_MOD_0_TC_01_TO_03 -->
