<?xml version="1.0" encoding="UTF-8"?>
<!-- Generated by org.testng.reporters.JUnitReportReporter -->
<testsuite hostname="DESKTOP-8HN186T" failures="0" tests="1" name="testcases_signup_module.TC01_SignUp" time="35.864" errors="0" timestamp="2024-09-30T18:16:47 IST" skipped="0">
  <testcase classname="testcases_signup_module.TC01_SignUp" name="signUp" time="35.864"/>
  <system-out/>
</testsuite> <!-- testcases_signup_module.TC01_SignUp -->
