<?xml version="1.0" encoding="UTF-8"?>
<!-- Generated by org.testng.reporters.JUnitReportReporter -->
<testsuite hostname="DESKTOP-UG42IG5" failures="0" tests="1" name="testcases_signIn_up_accountsinfo_module.TC01_SignUp" time="20.032" errors="0" timestamp="2024-10-10T10:07:58 IST" skipped="0">
  <testcase classname="testcases_signIn_up_accountsinfo_module.TC01_SignUp" name="signUp" time="20.032"/>
  <system-out/>
</testsuite> <!-- testcases_signIn_up_accountsinfo_module.TC01_SignUp -->
