<?xml version="1.0" encoding="UTF-8"?>
<!-- Generated by org.testng.reporters.JUnitReportReporter -->
<testsuite hostname="DESKTOP-8HN186T" failures="0" tests="1" name="testcases_deviceSettings.TC03_DeviceSettings" time="171.949" errors="0" timestamp="2024-12-11T22:37:49 IST" skipped="0">
  <testcase classname="testcases_deviceSettings.TC03_DeviceSettings" name="removerepair" time="171.949"/>
</testsuite> <!-- testcases_deviceSettings.TC03_DeviceSettings -->
