<?xml version="1.0" encoding="UTF-8"?>
<!-- Generated by org.testng.reporters.JUnitReportReporter -->
<testsuite hostname="DESKTOP-8HN186T" failures="0" tests="1" name="testcases_connectivity.WIfiWithout_router" time="406.522" errors="0" timestamp="2024-10-28T11:59:22 IST" skipped="0">
  <testcase classname="testcases_connectivity.WIfiWithout_router" name="removerepair" time="406.522"/>
</testsuite> <!-- testcases_connectivity.WIfiWithout_router -->
