<?xml version="1.0" encoding="UTF-8"?>
<!-- Generated by org.testng.reporters.JUnitReportReporter -->
<testsuite hostname="DESKTOP-8HN186T" failures="0" tests="1" name="testcases_pairing.TC01_Pairing_BlewithoutRouter" time="105.135" errors="0" timestamp="2024-10-05T12:43:12 IST" skipped="0">
  <testcase classname="testcases_pairing.TC01_Pairing_BlewithoutRouter" name="removerepair" time="105.135"/>
  <system-out/>
</testsuite> <!-- testcases_pairing.TC01_Pairing_BlewithoutRouter -->
