<?xml version="1.0" encoding="UTF-8"?>
<!-- Generated by org.testng.reporters.JUnitReportReporter -->
<testsuite hostname="DESKTOP-8HN186T" failures="0" tests="1" name="testcases_connectivity.Overallconnectivity" time="544.064" errors="0" timestamp="2024-11-06T15:08:21 IST" skipped="0">
  <testcase classname="testcases_connectivity.Overallconnectivity" name="removerepair" time="544.064"/>
</testsuite> <!-- testcases_connectivity.Overallconnectivity -->
