<?xml version="1.0" encoding="UTF-8"?>
<!-- Generated by org.testng.reporters.JUnitReportReporter -->
<<<<<<< HEAD
<testsuite hostname="DESKTOP-A3SK9UM" failures="0" tests="1" name="testcases.TC01_Pairing_BlewithRouter" time="99.115" errors="0" timestamp="2024-09-18T14:35:29 IST" skipped="0">
  <testcase classname="testcases.TC01_Pairing_BlewithRouter" name="removerepair" time="99.115"/>
=======
<<<<<<< HEAD
<testsuite hostname="DESKTOP-A27QRV5" failures="0" tests="2" name="testcases.TC01_Pairing_BlewithRouter" time="1.925" errors="1" timestamp="2024-09-18T15:52:14 IST" skipped="1">
  <testcase classname="testcases.TC01_Pairing_BlewithRouter" name="beforeSuite" time="1.925">
    <error message="Could not start a new session. Response code 404. Message: The requested resource could not be found, or a request was received using an HTTP method that is not supported by the mapped resource 
Host info: host: &#039;DESKTOP-A27QRV5&#039;, ip: &#039;192.168.10.174&#039;
Build info: version: &#039;4.22.0&#039;, revision: &#039;c5f3146703*&#039;
System info: os.name: &#039;Windows 10&#039;, os.arch: &#039;amd64&#039;, os.version: &#039;10.0&#039;, java.version: &#039;17.0.10&#039;
Driver info: io.appium.java_client.android.AndroidDriver
Command: [null, newSession {capabilities=[{appium:appActivity=com.iinvsys.szephyr.MainActivity, appium:appPackage=com.iinvsys.szephyr, appium:automationName=UiAutomator2, appium:deviceName=iQOO Z6 Lite 5G, appium:platformVersion=14, appium:udid=10BCAC0R3T000CY, platformName=ANDROID}], desiredCapabilities=Capabilities {appium:appActivity: com.iinvsys.szephyr.MainAct..., appium:appPackage: com.iinvsys.szephyr, appium:automationName: UiAutomator2, appium:deviceName: iQOO Z6 Lite 5G, appium:platformVersion: 14, appium:udid: 10BCAC0R3T000CY, platformName: ANDROID}}]
Capabilities {appium:appActivity: com.iinvsys.szephyr.MainAct..., appium:appPackage: com.iinvsys.szephyr, appium:automationName: UiAutomator2, appium:deviceName: iQOO Z6 Lite 5G, appium:platformVersion: 14, appium:udid: 10BCAC0R3T000CY, platformName: ANDROID}" type="org.openqa.selenium.SessionNotCreatedException">
      <![CDATA[org.openqa.selenium.SessionNotCreatedException: Could not start a new session. Response code 404. Message: The requested resource could not be found, or a request was received using an HTTP method that is not supported by the mapped resource 
Host info: host: 'DESKTOP-A27QRV5', ip: '192.168.10.174'
Build info: version: '4.22.0', revision: 'c5f3146703*'
System info: os.name: 'Windows 10', os.arch: 'amd64', os.version: '10.0', java.version: '17.0.10'
Driver info: io.appium.java_client.android.AndroidDriver
Command: [null, newSession {capabilities=[{appium:appActivity=com.iinvsys.szephyr.MainActivity, appium:appPackage=com.iinvsys.szephyr, appium:automationName=UiAutomator2, appium:deviceName=iQOO Z6 Lite 5G, appium:platformVersion=14, appium:udid=10BCAC0R3T000CY, platformName=ANDROID}], desiredCapabilities=Capabilities {appium:appActivity: com.iinvsys.szephyr.MainAct..., appium:appPackage: com.iinvsys.szephyr, appium:automationName: UiAutomator2, appium:deviceName: iQOO Z6 Lite 5G, appium:platformVersion: 14, appium:udid: 10BCAC0R3T000CY, platformName: ANDROID}}]
Capabilities {appium:appActivity: com.iinvsys.szephyr.MainAct..., appium:appPackage: com.iinvsys.szephyr, appium:automationName: UiAutomator2, appium:deviceName: iQOO Z6 Lite 5G, appium:platformVersion: 14, appium:udid: 10BCAC0R3T000CY, platformName: ANDROID}
at org.openqa.selenium.remote.ProtocolHandshake.createSession(ProtocolHandshake.java:140)
at java.base/jdk.internal.reflect.NativeMethodAccessorImpl.invoke0(Native Method)
at java.base/jdk.internal.reflect.NativeMethodAccessorImpl.invoke(NativeMethodAccessorImpl.java:77)
at java.base/jdk.internal.reflect.DelegatingMethodAccessorImpl.invoke(DelegatingMethodAccessorImpl.java:43)
at java.base/java.lang.reflect.Method.invoke(Method.java:568)
at io.appium.java_client.remote.AppiumProtocolHandshake.createSession(AppiumProtocolHandshake.java:133)
at io.appium.java_client.remote.AppiumProtocolHandshake.createSession(AppiumProtocolHandshake.java:102)
at io.appium.java_client.remote.AppiumCommandExecutor.createSession(AppiumCommandExecutor.java:182)
at io.appium.java_client.remote.AppiumCommandExecutor.execute(AppiumCommandExecutor.java:250)
at org.openqa.selenium.remote.RemoteWebDriver.execute(RemoteWebDriver.java:602)
at io.appium.java_client.AppiumDriver.startSession(AppiumDriver.java:274)
at org.openqa.selenium.remote.RemoteWebDriver.<init>(RemoteWebDriver.java:163)
at io.appium.java_client.AppiumDriver.<init>(AppiumDriver.java:89)
at io.appium.java_client.AppiumDriver.<init>(AppiumDriver.java:101)
at io.appium.java_client.android.AndroidDriver.<init>(AndroidDriver.java:113)
at wrappers.GenericWrappers.initAndriodDriver(GenericWrappers.java:69)
at wrappers.MobileAppWrappers.beforeSuite(MobileAppWrappers.java:26)
=======
<testsuite hostname="DESKTOP-8HN186T" failures="0" tests="1" name="testcases.TC01_Pairing_BlewithRouter" time="15.544" errors="1" timestamp="2024-09-18T11:32:17 IST" skipped="0">
  <testcase classname="testcases.TC01_Pairing_BlewithRouter" name="removerepair" time="15.544">
    <error message="FAILED" type="java.lang.RuntimeException">
      <![CDATA[java.lang.RuntimeException: FAILED
at utils.Reporter.reportStep(Reporter.java:46)
at wrappers.GenericWrappers.entervaluebyXpath(GenericWrappers.java:205)
at pages.OtpPage.enterOTPField1(OtpPage.java:54)
at testcases.TC01_Pairing_BlewithRouter.login(TC01_Pairing_BlewithRouter.java:49)
at testcases.TC01_Pairing_BlewithRouter.removerepair(TC01_Pairing_BlewithRouter.java:36)
>>>>>>> ce22f2c5e14a974ef0d312a07f7d813ead91c9c6
at java.base/jdk.internal.reflect.NativeMethodAccessorImpl.invoke0(Native Method)
at java.base/jdk.internal.reflect.NativeMethodAccessorImpl.invoke(NativeMethodAccessorImpl.java:77)
at java.base/jdk.internal.reflect.DelegatingMethodAccessorImpl.invoke(DelegatingMethodAccessorImpl.java:43)
at java.base/java.lang.reflect.Method.invoke(Method.java:568)
at org.testng.internal.invokers.MethodInvocationHelper.invokeMethod(MethodInvocationHelper.java:139)
at org.testng.internal.invokers.MethodInvocationHelper.invokeMethodConsideringTimeout(MethodInvocationHelper.java:69)
at org.testng.internal.invokers.ConfigInvoker.invokeConfigurationMethod(ConfigInvoker.java:393)
at org.testng.internal.invokers.ConfigInvoker.invokeConfigurations(ConfigInvoker.java:326)
at org.testng.SuiteRunner.privateRun(SuiteRunner.java:382)
at org.testng.SuiteRunner.run(SuiteRunner.java:336)
at org.testng.SuiteRunnerWorker.runSuite(SuiteRunnerWorker.java:52)
at org.testng.SuiteRunnerWorker.run(SuiteRunnerWorker.java:95)
at org.testng.TestNG.runSuitesSequentially(TestNG.java:1301)
at org.testng.TestNG.runSuitesLocally(TestNG.java:1228)
at org.testng.TestNG.runSuites(TestNG.java:1134)
at org.testng.TestNG.run(TestNG.java:1101)
at org.testng.remote.AbstractRemoteTestNG.run(AbstractRemoteTestNG.java:115)
at org.testng.remote.RemoteTestNG.initAndRun(RemoteTestNG.java:293)
at org.testng.remote.RemoteTestNG.main(RemoteTestNG.java:91)
]]>
    </error>
  </testcase> <!-- beforeSuite -->
  <testcase classname="testcases.TC01_Pairing_BlewithRouter" name="removerepair" time="0.000">
    <skipped/>
  </testcase> <!-- removerepair -->
>>>>>>> 8d15e6620a0028187a4d774298ea981a16773229
</testsuite> <!-- testcases.TC01_Pairing_BlewithRouter -->
