<?xml version="1.0" encoding="UTF-8"?>
<!-- Generated by org.testng.reporters.JUnitReportReporter -->
<testsuite hostname="DESKTOP-8HN186T" failures="0" tests="1" name="sZephyr_testcases.TC21_DeviceSettings" time="219.090" errors="0" timestamp="2024-12-14T17:00:03 IST" skipped="0">
  <testcase classname="sZephyr_testcases.TC21_DeviceSettings" name="removerepair" time="219.090"/>
</testsuite> <!-- sZephyr_testcases.TC21_DeviceSettings -->
