<?xml version="1.0" encoding="UTF-8"?>
<!-- Generated by org.testng.reporters.JUnitReportReporter -->
<testsuite hostname="DESKTOP-8HN186T" failures="0" tests="1" name="sZephyr_testcases.TC18_UI_CONNECTIVITY_MOD_0_TC_01_TO_03" time="431.374" errors="0" timestamp="2024-12-14T16:53:25 IST" skipped="0">
  <testcase classname="sZephyr_testcases.TC18_UI_CONNECTIVITY_MOD_0_TC_01_TO_03" name="removerepair" time="431.374"/>
</testsuite> <!-- sZephyr_testcases.TC18_UI_CONNECTIVITY_MOD_0_TC_01_TO_03 -->
