<?xml version="1.0" encoding="UTF-8"?>
<!-- Generated by org.testng.reporters.JUnitReportReporter -->
<testsuite hostname="DESKTOP-8HN186T" failures="0" tests="1" name="testcases_connectivity.Testing" time="7.042" errors="0" timestamp="2024-10-28T10:33:39 IST" skipped="0">
  <testcase classname="testcases_connectivity.Testing" name="removerepair" time="7.042"/>
</testsuite> <!-- testcases_connectivity.Testing -->
