<?xml version="1.0" encoding="UTF-8"?>
<!-- Generated by org.testng.reporters.JUnitReportReporter -->
<testsuite hostname="DESKTOP-8HN186T" failures="0" tests="1" name="testcases_Analytics.TC_02_Analytics" time="342.208" errors="0" timestamp="2024-11-28T17:44:12 IST" skipped="0">
  <testcase classname="testcases_Analytics.TC_02_Analytics" name="removerepair" time="342.208"/>
</testsuite> <!-- testcases_Analytics.TC_02_Analytics -->
