<?xml version="1.0" encoding="UTF-8"?>
<!-- Generated by org.testng.reporters.JUnitReportReporter -->
<testsuite hostname="DESKTOP-8HN186T" failures="0" tests="2" name="testcases_pairing.TC02_Pairing_BlewithRouter" time="652.129" errors="0" timestamp="2024-11-15T17:31:44 IST" skipped="1">
  <testcase classname="testcases_pairing.TC02_Pairing_BlewithRouter" name="removerepair" time="328.920">
    <skipped/>
  </testcase> <!-- removerepair -->
  <testcase classname="testcases_pairing.TC02_Pairing_BlewithRouter" name="removerepair" time="323.209"/>
</testsuite> <!-- testcases_pairing.TC02_Pairing_BlewithRouter -->
