<?xml version="1.0" encoding="UTF-8"?>
<!-- Generated by org.testng.reporters.JUnitReportReporter -->
<testsuite hostname="DESKTOP-A27QRV5" failures="0" tests="1" name="testcases_signup_module.TC01_SignUp" time="10.891" errors="0" timestamp="2024-09-18T12:57:25 IST" skipped="0">
  <testcase classname="testcases_signup_module.TC01_SignUp" name="signUp" time="10.891"/>
</testsuite> <!-- testcases_signup_module.TC01_SignUp -->
