<?xml version="1.0" encoding="UTF-8"?>
<!-- Generated by org.testng.reporters.JUnitReportReporter -->
<testsuite hostname="DESKTOP-A3SK9UM" failures="0" tests="1" name="connectivity.WIfiWithout_router" time="208.225" errors="0" timestamp="2024-09-30T10:31:17 IST" skipped="0">
  <testcase classname="connectivity.WIfiWithout_router" name="removerepair" time="208.225"/>
</testsuite> <!-- connectivity.WIfiWithout_router -->
