<?xml version="1.0" encoding="UTF-8"?>
<!-- Generated by org.testng.reporters.JUnitReportReporter -->
<testsuite hostname="DESKTOP-8HN186T" failures="0" tests="1" name="testcases_pairing.TC01_Pairing_BlewithoutRouter" time="357.553" errors="0" timestamp="2024-11-21T17:18:28 IST" skipped="0">
  <testcase classname="testcases_pairing.TC01_Pairing_BlewithoutRouter" name="removerepair" time="357.553"/>
</testsuite> <!-- testcases_pairing.TC01_Pairing_BlewithoutRouter -->
