<?xml version="1.0" encoding="UTF-8"?>
<!-- Generated by org.testng.reporters.JUnitReportReporter -->
<testsuite hostname="DESKTOP-8HN186T" failures="0" tests="1" name="testcases_signIn_up_accountsinfo_module.TC04_SignIn_Valid_User" time="38.858" errors="0" timestamp="2024-10-21T20:48:57 IST" skipped="0">
  <testcase classname="testcases_signIn_up_accountsinfo_module.TC04_SignIn_Valid_User" name="login" time="38.858"/>
  <system-out/>
</testsuite> <!-- testcases_signIn_up_accountsinfo_module.TC04_SignIn_Valid_User -->
