<?xml version="1.0" encoding="UTF-8"?>
<!-- Generated by org.testng.reporters.JUnitReportReporter -->
<testsuite hostname="DESKTOP-8HN186T" failures="0" tests="1" name="testcases_pairing.TC02_Pairing_BlewithRouter" time="99.283" errors="0" timestamp="2024-10-05T12:46:44 IST" skipped="0">
  <testcase classname="testcases_pairing.TC02_Pairing_BlewithRouter" name="removerepair" time="99.283"/>
  <system-out/>
</testsuite> <!-- testcases_pairing.TC02_Pairing_BlewithRouter -->
