<?xml version="1.0" encoding="UTF-8"?>
<!-- Generated by org.testng.reporters.JUnitReportReporter -->
<testsuite hostname="DESKTOP-8HN186T" failures="0" tests="1" name="testcases_schedular.TC01_Schedular" time="450.664" errors="0" timestamp="2024-12-14T11:24:06 IST" skipped="0">
  <testcase classname="testcases_schedular.TC01_Schedular" name="schedule" time="450.664"/>
</testsuite> <!-- testcases_schedular.TC01_Schedular -->
