<?xml version="1.0" encoding="UTF-8"?>
<!-- Generated by org.testng.reporters.JUnitReportReporter -->
<testsuite hostname="DESKTOP-A3SK9UM" failures="0" tests="1" name="testcases.TC01_Pairing_BlewithRouter" time="99.115" errors="0" timestamp="2024-09-18T14:35:29 IST" skipped="0">
  <testcase classname="testcases.TC01_Pairing_BlewithRouter" name="removerepair" time="99.115"/>
</testsuite> <!-- testcases.TC01_Pairing_BlewithRouter -->
