<?xml version="1.0" encoding="UTF-8"?>
<!-- Generated by org.testng.reporters.JUnitReportReporter -->
<testsuite hostname="DESKTOP-8HN186T" failures="0" tests="1" name="testcases_signIn_up_accountsinfo_module.TC01_SignUp" time="42.045" errors="0" timestamp="2024-12-10T23:03:08 IST" skipped="0">
  <testcase classname="testcases_signIn_up_accountsinfo_module.TC01_SignUp" name="signUp" time="42.045"/>
</testsuite> <!-- testcases_signIn_up_accountsinfo_module.TC01_SignUp -->
