<?xml version="1.0" encoding="UTF-8"?>
<!-- Generated by org.testng.reporters.JUnitReportReporter -->
<testsuite hostname="DESKTOP-8HN186T" failures="0" tests="1" name="testcases_connectivity.BlewithoutRouter" time="401.376" errors="0" timestamp="2024-10-22T17:48:25 IST" skipped="0">
  <testcase classname="testcases_connectivity.BlewithoutRouter" name="removerepair" time="401.376"/>
  <system-out/>
</testsuite> <!-- testcases_connectivity.BlewithoutRouter -->
