<?xml version="1.0" encoding="UTF-8"?>
<!-- Generated by org.testng.reporters.JUnitReportReporter -->
<testsuite hostname="DESKTOP-8HN186T" failures="0" tests="1" name="testcases_connectivity.SmartConfig" time="160.278" errors="0" timestamp="2024-10-28T11:59:22 IST" skipped="0">
  <testcase classname="testcases_connectivity.SmartConfig" name="removerepair" time="160.278"/>
</testsuite> <!-- testcases_connectivity.SmartConfig -->
