<?xml version="1.0" encoding="UTF-8"?>
<!-- Generated by org.testng.reporters.JUnitReportReporter -->
<testsuite hostname="DESKTOP-8HN186T" failures="0" tests="1" name="testcases_Factoryreset_sZephyrinfo.TC_05_Ble_Factory_Reset" time="129.295" errors="0" timestamp="2024-11-15T17:31:44 IST" skipped="0">
  <testcase classname="testcases_Factoryreset_sZephyrinfo.TC_05_Ble_Factory_Reset" name="removerepair" time="129.295"/>
</testsuite> <!-- testcases_Factoryreset_sZephyrinfo.TC_05_Ble_Factory_Reset -->
