<?xml version="1.0" encoding="UTF-8"?>
<!-- Generated by org.testng.reporters.JUnitReportReporter -->
<<<<<<< HEAD
<testsuite hostname="DESKTOP-UG42IG5" failures="0" tests="1" name="testcases_signIn_up_accountsinfo_module.TC01_SignUp" time="34.348" errors="0" timestamp="2024-10-22T22:30:34 IST" skipped="0">
  <testcase classname="testcases_signIn_up_accountsinfo_module.TC01_SignUp" name="signUp" time="34.348"/>
  <system-out/>
=======
<testsuite hostname="DESKTOP-8HN186T" failures="0" tests="1" name="testcases_signIn_up_accountsinfo_module.TC01_SignUp" time="39.943" errors="0" timestamp="2024-11-15T17:31:44 IST" skipped="0">
  <testcase classname="testcases_signIn_up_accountsinfo_module.TC01_SignUp" name="signUp" time="39.943"/>
>>>>>>> f8d581457bdd660bc820b1d89c3dce22c749f4dd
</testsuite> <!-- testcases_signIn_up_accountsinfo_module.TC01_SignUp -->
