<?xml version="1.0" encoding="UTF-8"?>
<!-- Generated by org.testng.reporters.JUnitReportReporter -->
<testsuite hostname="DESKTOP-A27QRV5" failures="0" tests="1" name="testcases.TC_06_sZephyr_Info" time="63.532" errors="0" timestamp="2024-09-25T17:17:58 IST" skipped="0">
  <testcase classname="testcases.TC_06_sZephyr_Info" name="removerepair" time="63.532"/>
</testsuite> <!-- testcases.TC_06_sZephyr_Info -->
