<?xml version="1.0" encoding="UTF-8"?>
<!-- Generated by org.testng.reporters.JUnitReportReporter -->
<testsuite hostname="DESKTOP-A3SK9UM" failures="0" tests="1" name="connectivity.WifiWithRouter" time="227.388" errors="0" timestamp="2024-09-27T16:42:32 IST" skipped="0">
  <testcase classname="connectivity.WifiWithRouter" name="removerepair" time="227.388"/>
</testsuite> <!-- connectivity.WifiWithRouter -->
