<?xml version="1.0" encoding="UTF-8"?>
<!-- Generated by org.testng.reporters.JUnitReportReporter -->
<testsuite hostname="DESKTOP-8HN186T" failures="0" tests="2" name="testcases_pairing.TC05_Pairing_WifiwithoutRouter" time="1602.034" errors="0" timestamp="2024-11-15T17:31:44 IST" skipped="1">
  <testcase classname="testcases_pairing.TC05_Pairing_WifiwithoutRouter" name="removerepair" time="505.309">
    <skipped/>
  </testcase> <!-- removerepair -->
  <testcase classname="testcases_pairing.TC05_Pairing_WifiwithoutRouter" name="removerepair" time="1096.725"/>
</testsuite> <!-- testcases_pairing.TC05_Pairing_WifiwithoutRouter -->
