<?xml version="1.0" encoding="UTF-8"?>
<!-- Generated by org.testng.reporters.JUnitReportReporter -->
<testsuite hostname="DESKTOP-UG42IG5" failures="0" tests="1" name="utils.ContinuousLogReceiver" time="10.132" errors="0" timestamp="2024-10-09T18:59:02 IST" skipped="0">
  <testcase classname="utils.ContinuousLogReceiver" name="runner" time="10.132"/>
  <system-out/>
</testsuite> <!-- utils.ContinuousLogReceiver -->
