<?xml version="1.0" encoding="UTF-8"?>
<!-- Generated by org.testng.reporters.JUnitReportReporter -->
<testsuite hostname="DESKTOP-8HN186T" failures="0" tests="1" name="testcases_signIn_up_accountsinfo_module.TC06_SignIn_Logout" time="143.105" errors="0" timestamp="2024-11-15T17:31:44 IST" skipped="0">
  <testcase classname="testcases_signIn_up_accountsinfo_module.TC06_SignIn_Logout" name="login" time="143.105"/>
</testsuite> <!-- testcases_signIn_up_accountsinfo_module.TC06_SignIn_Logout -->
