<?xml version="1.0" encoding="UTF-8"?>
<!-- Generated by org.testng.reporters.JUnitReportReporter -->
<testsuite hostname="DESKTOP-8HN186T" failures="0" tests="1" name="testcases_connectivity.BleWithRouter" time="620.595" errors="0" timestamp="2024-10-22T19:29:47 IST" skipped="0">
  <testcase classname="testcases_connectivity.BleWithRouter" name="removerepair" time="620.595"/>
  <system-out/>
</testsuite> <!-- testcases_connectivity.BleWithRouter -->
