<?xml version="1.0" encoding="UTF-8"?>
<!-- Generated by org.testng.reporters.JUnitReportReporter -->
<testsuite hostname="DESKTOP-8HN186T" failures="0" tests="1" name="testcases_connectivity.UI_CONNECTIVITY_MOD_0_TC_01_TO_03" time="296.572" errors="0" timestamp="2024-11-15T17:31:44 IST" skipped="0">
  <testcase classname="testcases_connectivity.UI_CONNECTIVITY_MOD_0_TC_01_TO_03" name="removerepair" time="296.572"/>
</testsuite> <!-- testcases_connectivity.UI_CONNECTIVITY_MOD_0_TC_01_TO_03 -->
