<?xml version="1.0" encoding="UTF-8"?>
<!-- Generated by org.testng.reporters.JUnitReportReporter -->
<testsuite hostname="DESKTOP-UG42IG5" failures="0" tests="1" name="testcases_signup_module.TC04_SignIn_Valid_User" time="24.727" errors="0" timestamp="2024-09-26T16:39:38 IST" skipped="0">
  <testcase classname="testcases_signup_module.TC04_SignIn_Valid_User" name="login" time="24.727"/>
</testsuite> <!-- testcases_signup_module.TC04_SignIn_Valid_User -->
