<?xml version="1.0" encoding="UTF-8"?>
<!-- Generated by org.testng.reporters.JUnitReportReporter -->
<testsuite hostname="DESKTOP-UG42IG5" failures="0" tests="1" name="testcases_pairing.TC01_Pairing_BlewithoutRouter" time="62.351" errors="0" timestamp="2024-09-26T16:39:38 IST" skipped="0">
  <testcase classname="testcases_pairing.TC01_Pairing_BlewithoutRouter" name="removerepair" time="62.351"/>
</testsuite> <!-- testcases_pairing.TC01_Pairing_BlewithoutRouter -->
