<?xml version="1.0" encoding="UTF-8"?>
<!-- Generated by org.testng.reporters.JUnitReportReporter -->
<testsuite hostname="DESKTOP-8HN186T" failures="0" tests="1" name="testcases_deviceSettings.TC02_DeviceSettings" time="207.100" errors="0" timestamp="2024-11-15T17:31:44 IST" skipped="0">
  <testcase classname="testcases_deviceSettings.TC02_DeviceSettings" name="removerepair" time="207.100"/>
</testsuite> <!-- testcases_deviceSettings.TC02_DeviceSettings -->
