<?xml version="1.0" encoding="UTF-8"?>
<!-- Generated by org.testng.reporters.JUnitReportReporter -->
<testsuite hostname="DESKTOP-8HN186T" failures="0" tests="1" name="testcases_connectivity.SmartConfig" time="468.231" errors="0" timestamp="2024-10-23T16:21:29 IST" skipped="0">
  <testcase classname="testcases_connectivity.SmartConfig" name="removerepair" time="468.231"/>
  <system-out/>
</testsuite> <!-- testcases_connectivity.SmartConfig -->
