<?xml version="1.0" encoding="UTF-8"?>
<!-- Generated by org.testng.reporters.JUnitReportReporter -->
<testsuite hostname="DESKTOP-8HN186T" failures="0" tests="1" name="testcases_connectivity.BlewithoutRouter" time="326.517" errors="0" timestamp="2024-12-13T18:11:00 IST" skipped="0">
  <testcase classname="testcases_connectivity.BlewithoutRouter" name="removerepair" time="326.517"/>
</testsuite> <!-- testcases_connectivity.BlewithoutRouter -->
