<?xml version="1.0" encoding="UTF-8"?>
<!-- Generated by org.testng.reporters.JUnitReportReporter -->
<testsuite hostname="DESKTOP-8HN186T" failures="0" tests="1" name="testcases_Factoryreset_sZephyrinfo.TC_06_sZephyr_Info" time="154.645" errors="0" timestamp="2024-11-21T17:18:28 IST" skipped="0">
  <testcase classname="testcases_Factoryreset_sZephyrinfo.TC_06_sZephyr_Info" name="removerepair" time="154.645"/>
</testsuite> <!-- testcases_Factoryreset_sZephyrinfo.TC_06_sZephyr_Info -->
