<?xml version="1.0" encoding="UTF-8"?>
<!-- Generated by org.testng.reporters.JUnitReportReporter -->
<testsuite hostname="DESKTOP-8HN186T" failures="0" tests="1" name="testcases_signIn_up_accountsinfo_module.TC02_SignUp" time="59.786" errors="0" timestamp="2024-11-15T17:31:44 IST" skipped="0">
  <testcase classname="testcases_signIn_up_accountsinfo_module.TC02_SignUp" name="signUp" time="59.786"/>
</testsuite> <!-- testcases_signIn_up_accountsinfo_module.TC02_SignUp -->
