<?xml version="1.0" encoding="UTF-8"?>
<!-- Generated by org.testng.reporters.JUnitReportReporter -->
<testsuite hostname="DESKTOP-A3SK9UM" failures="0" tests="1" name="connectivity.BlewithoutRouter" time="179.492" errors="0" timestamp="2024-09-25T14:23:04 IST" skipped="0">
  <testcase classname="connectivity.BlewithoutRouter" name="removerepair" time="179.492"/>
</testsuite> <!-- connectivity.BlewithoutRouter -->
