<?xml version="1.0" encoding="UTF-8"?>
<!-- Generated by org.testng.reporters.JUnitReportReporter -->
<testsuite hostname="DESKTOP-8HN186T" failures="0" tests="1" name="testcases_Factoryreset_sZephyrinfo.Longrun_voltvalue" time="79.891" errors="0" timestamp="2024-12-04T22:22:47 IST" skipped="0">
  <testcase classname="testcases_Factoryreset_sZephyrinfo.Longrun_voltvalue" name="checkLowvolt" time="79.891"/>
</testsuite> <!-- testcases_Factoryreset_sZephyrinfo.Longrun_voltvalue -->
