<?xml version="1.0" encoding="UTF-8"?>
<!-- Generated by org.testng.reporters.JUnitReportReporter -->
<testsuite hostname="DESKTOP-UG42IG5" failures="0" tests="1" name="testcases.TC02_SignUp_Flow" time="22.876" errors="0" timestamp="2024-09-16T14:23:52 IST" skipped="0">
  <testcase classname="testcases.TC02_SignUp_Flow" name="signUp" time="22.876"/>
</testsuite> <!-- testcases.TC02_SignUp_Flow -->
