<?xml version="1.0" encoding="UTF-8"?>
<!-- Generated by org.testng.reporters.JUnitReportReporter -->
<testsuite hostname="DESKTOP-8HN186T" failures="0" tests="1" name="testcases_deviceSettings.TC02_DeviceSettings" time="278.667" errors="0" timestamp="2024-10-24T18:58:15 IST" skipped="0">
  <testcase classname="testcases_deviceSettings.TC02_DeviceSettings" name="removerepair" time="278.667"/>
  <system-out/>
</testsuite> <!-- testcases_deviceSettings.TC02_DeviceSettings -->
