<?xml version="1.0" encoding="UTF-8"?>
<!-- Generated by org.testng.reporters.JUnitReportReporter -->
<testsuite hostname="DESKTOP-8HN186T" failures="0" tests="1" name="testcases_pairing.TC01_Pairing_BlewithoutRouter" time="89.326" errors="0" timestamp="2024-10-28T10:33:39 IST" skipped="0">
  <testcase classname="testcases_pairing.TC01_Pairing_BlewithoutRouter" name="removerepair" time="89.326"/>
</testsuite> <!-- testcases_pairing.TC01_Pairing_BlewithoutRouter -->
