<?xml version="1.0" encoding="UTF-8"?>
<!-- Generated by org.testng.reporters.JUnitReportReporter -->
<testsuite hostname="DESKTOP-8HN186T" failures="0" tests="1" name="testcases_deviceSettings.TC04_DeviceSettings" time="262.693" errors="0" timestamp="2024-10-24T22:16:55 IST" skipped="0">
  <testcase classname="testcases_deviceSettings.TC04_DeviceSettings" name="removerepair" time="262.693"/>
  <system-out/>
</testsuite> <!-- testcases_deviceSettings.TC04_DeviceSettings -->
