<?xml version="1.0" encoding="UTF-8"?>
<!-- Generated by org.testng.reporters.JUnitReportReporter -->
<testsuite hostname="DESKTOP-UG42IG5" failures="0" tests="1" name="testcases_signup_module.TC05_SignIn_SuccessFlow" time="21.841" errors="0" timestamp="2024-09-16T18:01:59 IST" skipped="0">
  <testcase classname="testcases_signup_module.TC05_SignIn_SuccessFlow" name="login" time="21.841"/>
</testsuite> <!-- testcases_signup_module.TC05_SignIn_SuccessFlow -->
