<?xml version="1.0" encoding="UTF-8"?>
<!-- Generated by org.testng.reporters.JUnitReportReporter -->
<<<<<<< HEAD
<testsuite hostname="DESKTOP-8HN186T" failures="0" tests="1" name="testcases_signup_module.TC01_SignUp" time="35.864" errors="0" timestamp="2024-09-30T18:16:47 IST" skipped="0">
  <testcase classname="testcases_signup_module.TC01_SignUp" name="signUp" time="35.864"/>
  <system-out/>
=======
<<<<<<< HEAD
<testsuite hostname="DESKTOP-A27QRV5" failures="0" tests="1" name="testcases_signup_module.TC01_SignUp" time="10.891" errors="0" timestamp="2024-09-18T12:57:25 IST" skipped="0">
  <testcase classname="testcases_signup_module.TC01_SignUp" name="signUp" time="10.891"/>
=======
<testsuite hostname="DESKTOP-UG42IG5" failures="0" tests="1" name="testcases_signup_module.TC01_SignUp" time="25.277" errors="0" timestamp="2024-09-26T16:39:38 IST" skipped="0">
  <testcase classname="testcases_signup_module.TC01_SignUp" name="signUp" time="25.277"/>
>>>>>>> ce22f2c5e14a974ef0d312a07f7d813ead91c9c6
>>>>>>> ea4a3a8480cc130007c26bd255357aa3666dba60
</testsuite> <!-- testcases_signup_module.TC01_SignUp -->
