<?xml version="1.0" encoding="UTF-8"?>
<!-- Generated by org.testng.reporters.JUnitReportReporter -->
<testsuite hostname="DESKTOP-UG42IG5" failures="0" tests="1" name="testcases_pairing.TC04_Pairing_SmartConfig" time="108.309" errors="0" timestamp="2024-09-26T16:39:38 IST" skipped="0">
  <testcase classname="testcases_pairing.TC04_Pairing_SmartConfig" name="removerepair" time="108.309"/>
</testsuite> <!-- testcases_pairing.TC04_Pairing_SmartConfig -->
