<?xml version="1.0" encoding="UTF-8"?>
<!-- Generated by org.testng.reporters.JUnitReportReporter -->
<testsuite hostname="DESKTOP-8HN186T" failures="0" tests="1" name="testcases_deviceSettings.TC03_DeviceSettings" time="200.175" errors="0" timestamp="2024-11-15T17:31:44 IST" skipped="0">
  <testcase classname="testcases_deviceSettings.TC03_DeviceSettings" name="removerepair" time="200.175"/>
</testsuite> <!-- testcases_deviceSettings.TC03_DeviceSettings -->
