<?xml version="1.0" encoding="UTF-8"?>
<!-- Generated by org.testng.reporters.JUnitReportReporter -->
<<<<<<< HEAD
<testsuite hostname="DESKTOP-A27QRV5" failures="0" tests="1" name="testcases_signup_module.TC01_SignUp" time="10.891" errors="0" timestamp="2024-09-18T12:57:25 IST" skipped="0">
  <testcase classname="testcases_signup_module.TC01_SignUp" name="signUp" time="10.891"/>
=======
<testsuite hostname="DESKTOP-UG42IG5" failures="0" tests="1" name="testcases_signup_module.TC01_SignUp" time="25.277" errors="0" timestamp="2024-09-26T16:39:38 IST" skipped="0">
  <testcase classname="testcases_signup_module.TC01_SignUp" name="signUp" time="25.277"/>
>>>>>>> ce22f2c5e14a974ef0d312a07f7d813ead91c9c6
</testsuite> <!-- testcases_signup_module.TC01_SignUp -->
