<?xml version="1.0" encoding="UTF-8"?>
<!-- Generated by org.testng.reporters.JUnitReportReporter -->
<testsuite hostname="DESKTOP-8HN186T" failures="0" tests="1" name="testcases_Factoryreset_sZephyrinfo.Longrun_voltvalue" time="12.967" errors="0" timestamp="2024-12-05T17:17:26 IST" skipped="0">
  <testcase classname="testcases_Factoryreset_sZephyrinfo.Longrun_voltvalue" name="alert" time="12.967"/>
</testsuite> <!-- testcases_Factoryreset_sZephyrinfo.Longrun_voltvalue -->
