<?xml version="1.0" encoding="UTF-8"?>
<!-- Generated by org.testng.reporters.JUnitReportReporter -->
<testsuite hostname="DESKTOP-UG42IG5" failures="0" tests="1" name="testcases_signIn_up_accountsinfo_module.TC01_SignUp" time="34.348" errors="0" timestamp="2024-10-22T22:30:34 IST" skipped="0">
  <testcase classname="testcases_signIn_up_accountsinfo_module.TC01_SignUp" name="signUp" time="34.348"/>
  <system-out/>
</testsuite> <!-- testcases_signIn_up_accountsinfo_module.TC01_SignUp -->
